[custom_lint] 2025-08-09T10:59:41.805139 lib/custom_lint_client.dart:4:8: Error: Error when reading '/home/bsutton/git/lint_hard/lib/lint_hard.dart': No such file or directory
[custom_lint] 2025-08-09T10:59:41.805139 import 'package:lint_hard/lint_hard.dart' as lint_hard;
[custom_lint] 2025-08-09T10:59:41.805139        ^
[custom_lint] 2025-08-09T10:59:41.805139 lib/custom_lint_client.dart:16:29: Error: Undefined name 'createPlugin'.
[custom_lint] 2025-08-09T10:59:41.805139     {'lint_hard': lint_hard.createPlugin,
[custom_lint] 2025-08-09T10:59:41.805139                             ^^^^^^^^^^^^
[custom_lint] 2025-08-09T10:59:41.805139
[custom_lint] 2025-08-09T10:59:41.805139
Failed to start pluginsThe request analysis.setContextRoots failed with the following error:
RequestErrorCode.PLUGIN_ERROR
Bad state: Failed to start the plugins.
at:
#0      SocketCustomLintServerToClientChannel._checkInitializationFail.<anonymous closure> (package:custom_lint/src/v2/server_to_client_channel.dart:223:11)
<asynchronous suspension>
#1      Future.any.onValue (dart:async/future.dart:616:5)
<asynchronous suspension>

The request analysis.setContextRoots failed with the following error:
RequestErrorCode.PLUGIN_ERROR
Exception: Failed to run "pub get" in the client project:
Resolving dependencies...

The current Dart SDK version is 3.8.3.

Because custom_lint_client depends on lint_hard from path which requires SDK version >=3.9.0 <4.0.0, version solving failed.


You can try the following suggestion to make the pubspec resolve:
* Try using the Dart SDK version: 3.9.0. See https://dart.dev/get-dart.

at:
#0      CustomLintWorkspace.runPubGet (package:custom_lint/src/workspace.dart:774:7)
<asynchronous suspension>
#1      CustomLintWorkspace.resolvePluginHost (package:custom_lint/src/workspace.dart:757:5)
<asynchronous suspension>
#2      SocketCustomLintServerToClientChannel._startProcess (package:custom_lint/src/v2/server_to_client_channel.dart:151:7)
<asynchronous suspension>
#3      SocketCustomLintServerToClientChannel.init (package:custom_lint/src/v2/server_to_client_channel.dart:111:21)
<asynchronous suspension>
#4      CustomLintServer._maybeSpawnCustomLintPlugin (package:custom_lint/src/v2/custom_lint_analyzer_plugin.dart:396:5)
<asynchronous suspension>
#5      CustomLintServer._handleAnalysisSetContextRoots.<anonymous closure> (package:custom_lint/src/v2/custom_lint_analyzer_plugin.dart:343:9)
<asynchronous suspension>
#6      PendingOperation.run (package:custom_lint/src/async_operation.dart:22:14)
<asynchronous suspension>
#7      CustomLintServer._handleRequest (package:custom_lint/src/v2/custom_lint_analyzer_plugin.dart:175:22)
<asynchronous suspension>

